rm -f lenia.o gifenc.o main.o orbium.o lenia.out
nvcc -Wno-deprecated-gpu-targets -gencode=arch=compute_70,code=sm_70 -O3 -Xcompiler --openmp,-Wall -c -o lenia.o src/lenia.cu
nvcc -Wno-deprecated-gpu-targets -gencode=arch=compute_70,code=sm_70 -O3 -Xcompiler --openmp,-Wall -c -o gifenc.o src/gifenc.c
nvcc -Wno-deprecated-gpu-targets -gencode=arch=compute_70,code=sm_70 -O3 -Xcompiler --openmp,-Wall -c -o main.o src/main.c
nvcc -Wno-deprecated-gpu-targets -gencode=arch=compute_70,code=sm_70 -O3 -Xcompiler --openmp,-Wall -c -o orbium.o src/orbium.c
nvcc -Wno-deprecated-gpu-targets -gencode=arch=compute_70,code=sm_70 -O3 -Xcompiler --openmp,-Wall lenia.o gifenc.o main.o orbium.o -o lenia.out -lm
Začenjam meritve z 1 nitmi...
Testiram mrežo: 256x256
  Zagon 1/5
    --> Čas:     0.163 s
  Zagon 2/5
    --> Čas:     0.145 s
  Zagon 3/5
    --> Čas:     0.148 s
  Zagon 4/5
    --> Čas:     0.147 s
  Zagon 5/5
    --> Čas:     0.155 s
  -------------------------------------------------
  Povprečje za N=256  =  0.151600 s
  -------------------------------------------------

Meritve za N=256 so končane! Rezultati te čakajo v mapi 'results/lenia_gpu_shared_square/'.
