rm -f lenia.o gifenc.o main.o orbium.o lenia.out
nvcc -Wno-deprecated-gpu-targets -gencode=arch=compute_70,code=sm_70 -O3 -Xcompiler --openmp,-Wall -c -o lenia.o src/lenia.cu
nvcc -Wno-deprecated-gpu-targets -gencode=arch=compute_70,code=sm_70 -O3 -Xcompiler --openmp,-Wall -c -o gifenc.o src/gifenc.c
nvcc -Wno-deprecated-gpu-targets -gencode=arch=compute_70,code=sm_70 -O3 -Xcompiler --openmp,-Wall -c -o main.o src/main.c
nvcc -Wno-deprecated-gpu-targets -gencode=arch=compute_70,code=sm_70 -O3 -Xcompiler --openmp,-Wall -c -o orbium.o src/orbium.c
nvcc -Wno-deprecated-gpu-targets -gencode=arch=compute_70,code=sm_70 -O3 -Xcompiler --openmp,-Wall lenia.o gifenc.o main.o orbium.o -o lenia.out -lm
Začenjam meritve z 1 nitmi...
Testiram mrežo: 4096x4096
  Zagon 1/5
    --> Čas:     1.527 s
  Zagon 2/5
    --> Čas:     1.525 s
  Zagon 3/5
    --> Čas:     1.564 s
  Zagon 4/5
    --> Čas:     1.526 s
  Zagon 5/5
    --> Čas:     1.526 s
  -------------------------------------------------
  Povprečje za N=4096 =  1.533600 s
  -------------------------------------------------

Meritve za N=4096 so končane! Rezultati te čakajo v mapi 'results/lenia_gpu_basic_block_1_1024/'.
